CRITICAL - 2022-04-07 04:30:47 --> Invalid file: web-dview/content/values.php
#0 C:\xampp\htdocs\cardaniaroot\system\View\View.php(198): CodeIgniter\Exceptions\FrameworkException::forInvalidFile('web-dview/conte...')
#1 C:\xampp\htdocs\cardaniaroot\system\View\View.php(424): CodeIgniter\View\View->render('web-dview/conte...', NULL, true)
#2 C:\xampp\htdocs\cardaniaroot\app\Views\index.php(46): CodeIgniter\View\View->include('web-dview/conte...')
#3 C:\xampp\htdocs\cardaniaroot\system\View\View.php(210): include('C:\\xampp\\htdocs...')
#4 C:\xampp\htdocs\cardaniaroot\system\View\View.php(213): CodeIgniter\View\View->CodeIgniter\View\{closure}()
#5 C:\xampp\htdocs\cardaniaroot\system\Common.php(1089): CodeIgniter\View\View->render('index', Array, true)
#6 C:\xampp\htdocs\cardaniaroot\app\Controllers\Home.php(9): view('index')
#7 C:\xampp\htdocs\cardaniaroot\system\CodeIgniter.php(832): App\Controllers\Home->index()
#8 C:\xampp\htdocs\cardaniaroot\system\CodeIgniter.php(419): CodeIgniter\CodeIgniter->runController(Object(App\Controllers\Home))
#9 C:\xampp\htdocs\cardaniaroot\system\CodeIgniter.php(326): CodeIgniter\CodeIgniter->handleRequest(NULL, Object(Config\Cache), false)
#10 C:\xampp\htdocs\cardaniaroot\index.php(37): CodeIgniter\CodeIgniter->run()
#11 {main}
CRITICAL - 2022-04-07 04:42:27 --> Invalid file: admin/tempslate/aside.php
#0 C:\xampp\htdocs\cardaniaroot\system\View\View.php(198): CodeIgniter\Exceptions\FrameworkException::forInvalidFile('admin/tempslate...')
#1 C:\xampp\htdocs\cardaniaroot\system\View\View.php(424): CodeIgniter\View\View->render('admin/tempslate...', NULL, true)
#2 C:\xampp\htdocs\cardaniaroot\app\Views\admin.php(6): CodeIgniter\View\View->include('admin/tempslate...')
#3 C:\xampp\htdocs\cardaniaroot\system\View\View.php(210): include('C:\\xampp\\htdocs...')
#4 C:\xampp\htdocs\cardaniaroot\system\View\View.php(213): CodeIgniter\View\View->CodeIgniter\View\{closure}()
#5 C:\xampp\htdocs\cardaniaroot\system\Common.php(1089): CodeIgniter\View\View->render('admin', Array, true)
#6 C:\xampp\htdocs\cardaniaroot\app\Controllers\Home.php(14): view('admin')
#7 C:\xampp\htdocs\cardaniaroot\system\CodeIgniter.php(832): App\Controllers\Home->admin()
#8 C:\xampp\htdocs\cardaniaroot\system\CodeIgniter.php(419): CodeIgniter\CodeIgniter->runController(Object(App\Controllers\Home))
#9 C:\xampp\htdocs\cardaniaroot\system\CodeIgniter.php(326): CodeIgniter\CodeIgniter->handleRequest(NULL, Object(Config\Cache), false)
#10 C:\xampp\htdocs\cardaniaroot\index.php(37): CodeIgniter\CodeIgniter->run()
#11 {main}
CRITICAL - 2022-04-07 10:40:14 --> Unclosed '{' on line 6
#0 C:\xampp\htdocs\cardaniaroot\system\Autoloader\Autoloader.php(241): CodeIgniter\Autoloader\Autoloader->includeFile('C:\\xampp\\htdocs...')
#1 C:\xampp\htdocs\cardaniaroot\system\Autoloader\Autoloader.php(219): CodeIgniter\Autoloader\Autoloader->loadInNamespace('App\\Controllers...')
#2 [internal function]: CodeIgniter\Autoloader\Autoloader->loadClass('App\\Controllers...')
#3 C:\xampp\htdocs\cardaniaroot\system\CodeIgniter.php(797): class_exists('\\App\\Controller...', true)
#4 C:\xampp\htdocs\cardaniaroot\system\CodeIgniter.php(406): CodeIgniter\CodeIgniter->startController()
#5 C:\xampp\htdocs\cardaniaroot\system\CodeIgniter.php(326): CodeIgniter\CodeIgniter->handleRequest(NULL, Object(Config\Cache), false)
#6 C:\xampp\htdocs\cardaniaroot\index.php(37): CodeIgniter\CodeIgniter->run()
#7 {main}
