CRITICAL - 2022-04-08 01:53:13 --> Undefined variable $tb_home
#0 C:\xampp\htdocs\cardaniaroot\app\Views\admin\content\home.php(108): CodeIgniter\Debug\Exceptions->errorHandler(2, 'Undefined varia...', 'C:\\xampp\\htdocs...', 108)
#1 C:\xampp\htdocs\cardaniaroot\system\View\View.php(210): include('C:\\xampp\\htdocs...')
#2 C:\xampp\htdocs\cardaniaroot\system\View\View.php(213): CodeIgniter\View\View->CodeIgniter\View\{closure}()
#3 C:\xampp\htdocs\cardaniaroot\system\Common.php(1089): CodeIgniter\View\View->render('admin/content/h...', Array, true)
#4 C:\xampp\htdocs\cardaniaroot\app\Controllers\Home.php(37): view('admin/content/h...')
#5 C:\xampp\htdocs\cardaniaroot\system\CodeIgniter.php(832): App\Controllers\Home->home()
#6 C:\xampp\htdocs\cardaniaroot\system\CodeIgniter.php(419): CodeIgniter\CodeIgniter->runController(Object(App\Controllers\Home))
#7 C:\xampp\htdocs\cardaniaroot\system\CodeIgniter.php(326): CodeIgniter\CodeIgniter->handleRequest(NULL, Object(Config\Cache), false)
#8 C:\xampp\htdocs\cardaniaroot\index.php(37): CodeIgniter\CodeIgniter->run()
#9 {main}
CRITICAL - 2022-04-08 01:55:19 --> Undefined variable $tb_home
#0 C:\xampp\htdocs\cardaniaroot\app\Views\admin\content\home.php(108): CodeIgniter\Debug\Exceptions->errorHandler(2, 'Undefined varia...', 'C:\\xampp\\htdocs...', 108)
#1 C:\xampp\htdocs\cardaniaroot\system\View\View.php(210): include('C:\\xampp\\htdocs...')
#2 C:\xampp\htdocs\cardaniaroot\system\View\View.php(213): CodeIgniter\View\View->CodeIgniter\View\{closure}()
#3 C:\xampp\htdocs\cardaniaroot\system\Common.php(1089): CodeIgniter\View\View->render('admin/content/h...', Array, true)
#4 C:\xampp\htdocs\cardaniaroot\app\Controllers\Home.php(37): view('admin/content/h...')
#5 C:\xampp\htdocs\cardaniaroot\system\CodeIgniter.php(832): App\Controllers\Home->home()
#6 C:\xampp\htdocs\cardaniaroot\system\CodeIgniter.php(419): CodeIgniter\CodeIgniter->runController(Object(App\Controllers\Home))
#7 C:\xampp\htdocs\cardaniaroot\system\CodeIgniter.php(326): CodeIgniter\CodeIgniter->handleRequest(NULL, Object(Config\Cache), false)
#8 C:\xampp\htdocs\cardaniaroot\index.php(37): CodeIgniter\CodeIgniter->run()
#9 {main}
CRITICAL - 2022-04-08 01:56:22 --> Undefined variable $i
#0 C:\xampp\htdocs\cardaniaroot\app\Views\admin\content\home.php(111): CodeIgniter\Debug\Exceptions->errorHandler(2, 'Undefined varia...', 'C:\\xampp\\htdocs...', 111)
#1 C:\xampp\htdocs\cardaniaroot\system\View\View.php(210): include('C:\\xampp\\htdocs...')
#2 C:\xampp\htdocs\cardaniaroot\system\View\View.php(213): CodeIgniter\View\View->CodeIgniter\View\{closure}()
#3 C:\xampp\htdocs\cardaniaroot\system\Common.php(1089): CodeIgniter\View\View->render('admin/content/h...', Array, true)
#4 C:\xampp\htdocs\cardaniaroot\app\Controllers\Home.php(37): view('admin/content/h...', Array)
#5 C:\xampp\htdocs\cardaniaroot\system\CodeIgniter.php(832): App\Controllers\Home->home()
#6 C:\xampp\htdocs\cardaniaroot\system\CodeIgniter.php(419): CodeIgniter\CodeIgniter->runController(Object(App\Controllers\Home))
#7 C:\xampp\htdocs\cardaniaroot\system\CodeIgniter.php(326): CodeIgniter\CodeIgniter->handleRequest(NULL, Object(Config\Cache), false)
#8 C:\xampp\htdocs\cardaniaroot\index.php(37): CodeIgniter\CodeIgniter->run()
#9 {main}
CRITICAL - 2022-04-08 01:56:55 --> Undefined variable $a
#0 C:\xampp\htdocs\cardaniaroot\app\Views\admin\content\home.php(113): CodeIgniter\Debug\Exceptions->errorHandler(2, 'Undefined varia...', 'C:\\xampp\\htdocs...', 113)
#1 C:\xampp\htdocs\cardaniaroot\system\View\View.php(210): include('C:\\xampp\\htdocs...')
#2 C:\xampp\htdocs\cardaniaroot\system\View\View.php(213): CodeIgniter\View\View->CodeIgniter\View\{closure}()
#3 C:\xampp\htdocs\cardaniaroot\system\Common.php(1089): CodeIgniter\View\View->render('admin/content/h...', Array, true)
#4 C:\xampp\htdocs\cardaniaroot\app\Controllers\Home.php(37): view('admin/content/h...', Array)
#5 C:\xampp\htdocs\cardaniaroot\system\CodeIgniter.php(832): App\Controllers\Home->home()
#6 C:\xampp\htdocs\cardaniaroot\system\CodeIgniter.php(419): CodeIgniter\CodeIgniter->runController(Object(App\Controllers\Home))
#7 C:\xampp\htdocs\cardaniaroot\system\CodeIgniter.php(326): CodeIgniter\CodeIgniter->handleRequest(NULL, Object(Config\Cache), false)
#8 C:\xampp\htdocs\cardaniaroot\index.php(37): CodeIgniter\CodeIgniter->run()
#9 {main}
CRITICAL - 2022-04-08 01:57:18 --> Undefined variable $a
#0 C:\xampp\htdocs\cardaniaroot\app\Views\admin\content\home.php(117): CodeIgniter\Debug\Exceptions->errorHandler(2, 'Undefined varia...', 'C:\\xampp\\htdocs...', 117)
#1 C:\xampp\htdocs\cardaniaroot\system\View\View.php(210): include('C:\\xampp\\htdocs...')
#2 C:\xampp\htdocs\cardaniaroot\system\View\View.php(213): CodeIgniter\View\View->CodeIgniter\View\{closure}()
#3 C:\xampp\htdocs\cardaniaroot\system\Common.php(1089): CodeIgniter\View\View->render('admin/content/h...', Array, true)
#4 C:\xampp\htdocs\cardaniaroot\app\Controllers\Home.php(37): view('admin/content/h...', Array)
#5 C:\xampp\htdocs\cardaniaroot\system\CodeIgniter.php(832): App\Controllers\Home->home()
#6 C:\xampp\htdocs\cardaniaroot\system\CodeIgniter.php(419): CodeIgniter\CodeIgniter->runController(Object(App\Controllers\Home))
#7 C:\xampp\htdocs\cardaniaroot\system\CodeIgniter.php(326): CodeIgniter\CodeIgniter->handleRequest(NULL, Object(Config\Cache), false)
#8 C:\xampp\htdocs\cardaniaroot\index.php(37): CodeIgniter\CodeIgniter->run()
#9 {main}
CRITICAL - 2022-04-08 03:32:27 --> Too few arguments to function App\Controllers\Home::home(), 0 passed in C:\xampp\htdocs\cardaniaroot\system\CodeIgniter.php on line 832 and exactly 1 expected
#0 C:\xampp\htdocs\cardaniaroot\system\CodeIgniter.php(832): App\Controllers\Home->home()
#1 C:\xampp\htdocs\cardaniaroot\system\CodeIgniter.php(419): CodeIgniter\CodeIgniter->runController(Object(App\Controllers\Home))
#2 C:\xampp\htdocs\cardaniaroot\system\CodeIgniter.php(326): CodeIgniter\CodeIgniter->handleRequest(NULL, Object(Config\Cache), false)
#3 C:\xampp\htdocs\cardaniaroot\index.php(37): CodeIgniter\CodeIgniter->run()
#4 {main}
CRITICAL - 2022-04-08 03:32:43 --> Undefined variable $id
#0 C:\xampp\htdocs\cardaniaroot\app\Controllers\Home.php(35): CodeIgniter\Debug\Exceptions->errorHandler(2, 'Undefined varia...', 'C:\\xampp\\htdocs...', 35)
#1 C:\xampp\htdocs\cardaniaroot\system\CodeIgniter.php(832): App\Controllers\Home->home()
#2 C:\xampp\htdocs\cardaniaroot\system\CodeIgniter.php(419): CodeIgniter\CodeIgniter->runController(Object(App\Controllers\Home))
#3 C:\xampp\htdocs\cardaniaroot\system\CodeIgniter.php(326): CodeIgniter\CodeIgniter->handleRequest(NULL, Object(Config\Cache), false)
#4 C:\xampp\htdocs\cardaniaroot\index.php(37): CodeIgniter\CodeIgniter->run()
#5 {main}
CRITICAL - 2022-04-08 03:35:10 --> Call to undefined method CodeIgniter\View\View::where()
#0 C:\xampp\htdocs\cardaniaroot\system\View\View.php(210): include()
#1 C:\xampp\htdocs\cardaniaroot\system\View\View.php(213): CodeIgniter\View\View->CodeIgniter\View\{closure}()
#2 C:\xampp\htdocs\cardaniaroot\system\Common.php(1089): CodeIgniter\View\View->render('admin/content/h...', Array, true)
#3 C:\xampp\htdocs\cardaniaroot\app\Controllers\Home.php(37): view('admin/content/h...', Array)
#4 C:\xampp\htdocs\cardaniaroot\system\CodeIgniter.php(832): App\Controllers\Home->home()
#5 C:\xampp\htdocs\cardaniaroot\system\CodeIgniter.php(419): CodeIgniter\CodeIgniter->runController(Object(App\Controllers\Home))
#6 C:\xampp\htdocs\cardaniaroot\system\CodeIgniter.php(326): CodeIgniter\CodeIgniter->handleRequest(NULL, Object(Config\Cache), false)
#7 C:\xampp\htdocs\cardaniaroot\index.php(37): CodeIgniter\CodeIgniter->run()
#8 {main}
CRITICAL - 2022-04-08 03:37:35 --> Call to undefined method CodeIgniter\View\View::where()
#0 C:\xampp\htdocs\cardaniaroot\system\View\View.php(210): include()
#1 C:\xampp\htdocs\cardaniaroot\system\View\View.php(213): CodeIgniter\View\View->CodeIgniter\View\{closure}()
#2 C:\xampp\htdocs\cardaniaroot\system\Common.php(1089): CodeIgniter\View\View->render('admin/content/h...', Array, true)
#3 C:\xampp\htdocs\cardaniaroot\app\Controllers\Home.php(37): view('admin/content/h...', Array)
#4 C:\xampp\htdocs\cardaniaroot\system\CodeIgniter.php(832): App\Controllers\Home->home()
#5 C:\xampp\htdocs\cardaniaroot\system\CodeIgniter.php(419): CodeIgniter\CodeIgniter->runController(Object(App\Controllers\Home))
#6 C:\xampp\htdocs\cardaniaroot\system\CodeIgniter.php(326): CodeIgniter\CodeIgniter->handleRequest(NULL, Object(Config\Cache), false)
#7 C:\xampp\htdocs\cardaniaroot\index.php(37): CodeIgniter\CodeIgniter->run()
#8 {main}
CRITICAL - 2022-04-08 03:37:50 --> Call to undefined function where()
#0 C:\xampp\htdocs\cardaniaroot\system\View\View.php(210): include()
#1 C:\xampp\htdocs\cardaniaroot\system\View\View.php(213): CodeIgniter\View\View->CodeIgniter\View\{closure}()
#2 C:\xampp\htdocs\cardaniaroot\system\Common.php(1089): CodeIgniter\View\View->render('admin/content/h...', Array, true)
#3 C:\xampp\htdocs\cardaniaroot\app\Controllers\Home.php(37): view('admin/content/h...', Array)
#4 C:\xampp\htdocs\cardaniaroot\system\CodeIgniter.php(832): App\Controllers\Home->home()
#5 C:\xampp\htdocs\cardaniaroot\system\CodeIgniter.php(419): CodeIgniter\CodeIgniter->runController(Object(App\Controllers\Home))
#6 C:\xampp\htdocs\cardaniaroot\system\CodeIgniter.php(326): CodeIgniter\CodeIgniter->handleRequest(NULL, Object(Config\Cache), false)
#7 C:\xampp\htdocs\cardaniaroot\index.php(37): CodeIgniter\CodeIgniter->run()
#8 {main}
CRITICAL - 2022-04-08 04:07:27 --> Undefined variable $base_url
#0 C:\xampp\htdocs\cardaniaroot\app\Views\admin\content\home.php(34): CodeIgniter\Debug\Exceptions->errorHandler(2, 'Undefined varia...', 'C:\\xampp\\htdocs...', 34)
#1 C:\xampp\htdocs\cardaniaroot\system\View\View.php(210): include('C:\\xampp\\htdocs...')
#2 C:\xampp\htdocs\cardaniaroot\system\View\View.php(213): CodeIgniter\View\View->CodeIgniter\View\{closure}()
#3 C:\xampp\htdocs\cardaniaroot\system\Common.php(1089): CodeIgniter\View\View->render('admin/content/h...', Array, true)
#4 C:\xampp\htdocs\cardaniaroot\app\Controllers\Home.php(37): view('admin/content/h...', Array)
#5 C:\xampp\htdocs\cardaniaroot\system\CodeIgniter.php(832): App\Controllers\Home->home()
#6 C:\xampp\htdocs\cardaniaroot\system\CodeIgniter.php(419): CodeIgniter\CodeIgniter->runController(Object(App\Controllers\Home))
#7 C:\xampp\htdocs\cardaniaroot\system\CodeIgniter.php(326): CodeIgniter\CodeIgniter->handleRequest(NULL, Object(Config\Cache), false)
#8 C:\xampp\htdocs\cardaniaroot\index.php(37): CodeIgniter\CodeIgniter->run()
#9 {main}
CRITICAL - 2022-04-08 04:26:51 --> Undefined property: App\Controllers\Home::$AbsensiSiswa
#0 C:\xampp\htdocs\cardaniaroot\app\Controllers\Home.php(64): CodeIgniter\Debug\Exceptions->errorHandler(2, 'Undefined prope...', 'C:\\xampp\\htdocs...', 64)
#1 C:\xampp\htdocs\cardaniaroot\system\CodeIgniter.php(832): App\Controllers\Home->detail('Ini-Contoh-slid...')
#2 C:\xampp\htdocs\cardaniaroot\system\CodeIgniter.php(419): CodeIgniter\CodeIgniter->runController(Object(App\Controllers\Home))
#3 C:\xampp\htdocs\cardaniaroot\system\CodeIgniter.php(326): CodeIgniter\CodeIgniter->handleRequest(NULL, Object(Config\Cache), false)
#4 C:\xampp\htdocs\cardaniaroot\index.php(37): CodeIgniter\CodeIgniter->run()
#5 {main}
CRITICAL - 2022-04-08 04:27:19 --> Call to undefined method App\Models\CardaniaModel::getAbsen
#0 C:\xampp\htdocs\cardaniaroot\app\Controllers\Home.php(64): CodeIgniter\Model->__call('getAbsen', Array)
#1 C:\xampp\htdocs\cardaniaroot\system\CodeIgniter.php(832): App\Controllers\Home->detail('Ini-Contoh-slid...')
#2 C:\xampp\htdocs\cardaniaroot\system\CodeIgniter.php(419): CodeIgniter\CodeIgniter->runController(Object(App\Controllers\Home))
#3 C:\xampp\htdocs\cardaniaroot\system\CodeIgniter.php(326): CodeIgniter\CodeIgniter->handleRequest(NULL, Object(Config\Cache), false)
#4 C:\xampp\htdocs\cardaniaroot\index.php(37): CodeIgniter\CodeIgniter->run()
#5 {main}
CRITICAL - 2022-04-08 04:35:56 --> syntax error, unexpected token ";"
#0 C:\xampp\htdocs\cardaniaroot\system\Autoloader\Autoloader.php(241): CodeIgniter\Autoloader\Autoloader->includeFile('C:\\xampp\\htdocs...')
#1 C:\xampp\htdocs\cardaniaroot\system\Autoloader\Autoloader.php(219): CodeIgniter\Autoloader\Autoloader->loadInNamespace('App\\Controllers...')
#2 [internal function]: CodeIgniter\Autoloader\Autoloader->loadClass('App\\Controllers...')
#3 C:\xampp\htdocs\cardaniaroot\system\CodeIgniter.php(797): class_exists('\\App\\Controller...', true)
#4 C:\xampp\htdocs\cardaniaroot\system\CodeIgniter.php(406): CodeIgniter\CodeIgniter->startController()
#5 C:\xampp\htdocs\cardaniaroot\system\CodeIgniter.php(326): CodeIgniter\CodeIgniter->handleRequest(NULL, Object(Config\Cache), false)
#6 C:\xampp\htdocs\cardaniaroot\index.php(37): CodeIgniter\CodeIgniter->run()
#7 {main}
CRITICAL - 2022-04-08 04:36:20 --> syntax error, unexpected token ";"
#0 C:\xampp\htdocs\cardaniaroot\system\Autoloader\Autoloader.php(241): CodeIgniter\Autoloader\Autoloader->includeFile('C:\\xampp\\htdocs...')
#1 C:\xampp\htdocs\cardaniaroot\system\Autoloader\Autoloader.php(219): CodeIgniter\Autoloader\Autoloader->loadInNamespace('App\\Controllers...')
#2 [internal function]: CodeIgniter\Autoloader\Autoloader->loadClass('App\\Controllers...')
#3 C:\xampp\htdocs\cardaniaroot\system\CodeIgniter.php(797): class_exists('\\App\\Controller...', true)
#4 C:\xampp\htdocs\cardaniaroot\system\CodeIgniter.php(406): CodeIgniter\CodeIgniter->startController()
#5 C:\xampp\htdocs\cardaniaroot\system\CodeIgniter.php(326): CodeIgniter\CodeIgniter->handleRequest(NULL, Object(Config\Cache), false)
#6 C:\xampp\htdocs\cardaniaroot\index.php(37): CodeIgniter\CodeIgniter->run()
#7 {main}
